INFO: latexindent.exe version 3.8.3, 2020-11-06, a script to indent .tex files
      latexindent.exe lives here: C:/texlive/2020/bin/win32/
      Tue Dec 20 15:54:12 2022
      Filename: c:/Users/hiramitsu-B/Desktop/èCò_/chapter1/__latexindent_temp_chapter1.tex
INFO: Processing switches:
      -y|--yaml: YAML settings specified via command line
      -c|--cruft: cruft directory
INFO: Directory for backup files and c:/Users/hiramitsu-B/Desktop/èCò__abstract//indent.log: c:/Users/hiramitsu-B/Desktop/èCò__abstract/
INFO: YAML settings read: defaultSettings.yaml
      Reading defaultSettings.yaml from C:/texlive/2020/bin/win32/defaultSettings.yaml
      Reading defaultSettings.yaml (2nd attempt, TeXLive, Windows) from C:/texlive/2020/bin/win32/../../texmf-dist/scripts/latexindent/defaultSettings.yaml
INFO: YAML settings read: indentconfig.yaml or .indentconfig.yaml
      Home directory is C:\Users\hiramitsu-B (didn't find either indentconfig.yaml or .indentconfig.yaml)
      To specify user settings you would put indentconfig.yaml here: C:\Users\hiramitsu-B/indentconfig.yaml
      Alternatively, you can use the hidden file .indentconfig.yaml as: C:\Users\hiramitsu-B/.indentconfig.yaml
INFO: YAML settings read: -y switch
      Updating masterSettings with defaultIndent:   
INFO: Phase 1: searching for objects
INFO: Phase 2: finding surrounding indentation
INFO: Phase 3: indenting objects
INFO: Phase 4: final indentation check
INFO: Output routine:
      Not outputting to file; see -w and -o switches for more options.
      --------------
INFO: Please direct all communication/issues to:
      https://github.com/cmhughes/latexindent.pl
